{"numFailedTestSuites":0,"numFailedTests":0,"numPassedTestSuites":8,"numPassedTests":57,"numPendingTestSuites":0,"numPendingTests":0,"numRuntimeErrorTestSuites":0,"numTodoTests":0,"numTotalTestSuites":8,"numTotalTests":57,"openHandles":[],"snapshot":{"added":0,"didUpdate":false,"failure":false,"filesAdded":0,"filesRemoved":0,"filesRemovedList":[],"filesUnmatched":0,"filesUpdated":0,"matched":0,"total":0,"unchecked":0,"uncheckedKeysByFile":[],"unmatched":0,"updated":0},"startTime":1762885071905,"success":true,"testResults":[{"assertionResults":[{"ancestorTitles":["GET /api/sales-summary"],"duration":25,"failing":false,"failureDetails":[],"failureMessages":[],"fullName":"GET /api/sales-summary returns aggregated data for all time (no filter)","invocations":1,"location":null,"numPassingAsserts":4,"retryReasons":[],"startAt":1762885074452,"status":"passed","title":"returns aggregated data for all time (no filter)"},{"ancestorTitles":["GET /api/sales-summary"],"duration":4,"failing":false,"failureDetails":[],"failureMessages":[],"fullName":"GET /api/sales-summary returns aggregated data for period=day","invocations":1,"location":null,"numPassingAsserts":4,"retryReasons":[],"startAt":1762885074478,"status":"passed","title":"returns aggregated data for period=day"},{"ancestorTitles":["GET /api/sales-summary"],"duration":2,"failing":false,"failureDetails":[],"failureMessages":[],"fullName":"GET /api/sales-summary returns aggregated data for period=week","invocations":1,"location":null,"numPassingAsserts":4,"retryReasons":[],"startAt":1762885074482,"status":"passed","title":"returns aggregated data for period=week"},{"ancestorTitles":["GET /api/sales-summary"],"duration":11,"failing":false,"failureDetails":[],"failureMessages":[],"fullName":"GET /api/sales-summary returns aggregated data for period=month","invocations":1,"location":null,"numPassingAsserts":4,"retryReasons":[],"startAt":1762885074485,"status":"passed","title":"returns aggregated data for period=month"},{"ancestorTitles":["GET /api/sales-summary"],"duration":3,"failing":false,"failureDetails":[],"failureMessages":[],"fullName":"GET /api/sales-summary returns aggregated data for custom from/to dates","invocations":1,"location":null,"numPassingAsserts":4,"retryReasons":[],"startAt":1762885074496,"status":"passed","title":"returns aggregated data for custom from/to dates"},{"ancestorTitles":["GET /api/sales-summary"],"duration":1,"failing":false,"failureDetails":[],"failureMessages":[],"fullName":"GET /api/sales-summary returns 400 for invalid period","invocations":1,"location":null,"numPassingAsserts":2,"retryReasons":[],"startAt":1762885074500,"status":"passed","title":"returns 400 for invalid period"},{"ancestorTitles":["GET /api/sales-summary"],"duration":2,"failing":false,"failureDetails":[],"failureMessages":[],"fullName":"GET /api/sales-summary returns 400 for invalid from/to date","invocations":1,"location":null,"numPassingAsserts":2,"retryReasons":[],"startAt":1762885074501,"status":"passed","title":"returns 400 for invalid from/to date"},{"ancestorTitles":["GET /api/sales-summary"],"duration":3,"failing":false,"failureDetails":[],"failureMessages":[],"fullName":"GET /api/sales-summary returns 500 if Prisma throws an error","invocations":1,"location":null,"numPassingAsserts":2,"retryReasons":[],"startAt":1762885074504,"status":"passed","title":"returns 500 if Prisma throws an error"}],"endTime":1762885074509,"message":"","name":"/workspace/tests/api/sale-summary/route.test.ts","startTime":1762885072927,"status":"passed","summary":""},{"assertionResults":[{"ancestorTitles":["POST /api/product"],"duration":22,"failing":false,"failureDetails":[],"failureMessages":[],"fullName":"POST /api/product should return 400 if Content-Type is not multipart/form-data","invocations":1,"location":null,"numPassingAsserts":2,"retryReasons":[],"startAt":1762885074525,"status":"passed","title":"should return 400 if Content-Type is not multipart/form-data"},{"ancestorTitles":["POST /api/product"],"duration":17,"failing":false,"failureDetails":[],"failureMessages":[],"fullName":"POST /api/product should insert products from valid CSV","invocations":1,"location":null,"numPassingAsserts":1,"retryReasons":[],"startAt":1762885074548,"status":"passed","title":"should insert products from valid CSV"},{"ancestorTitles":["POST /api/product"],"duration":8,"failing":false,"failureDetails":[],"failureMessages":[],"fullName":"POST /api/product should return 400 if file is missing","invocations":1,"location":null,"numPassingAsserts":2,"retryReasons":[],"startAt":1762885074568,"status":"passed","title":"should return 400 if file is missing"},{"ancestorTitles":["POST /api/product"],"duration":4,"failing":false,"failureDetails":[],"failureMessages":[],"fullName":"POST /api/product should return 400 for invalid CSV format","invocations":1,"location":null,"numPassingAsserts":2,"retryReasons":[],"startAt":1762885074577,"status":"passed","title":"should return 400 for invalid CSV format"},{"ancestorTitles":["POST /api/product"],"duration":3,"failing":false,"failureDetails":[],"failureMessages":[],"fullName":"POST /api/product should skip rows missing required columns","invocations":1,"location":null,"numPassingAsserts":1,"retryReasons":[],"startAt":1762885074582,"status":"passed","title":"should skip rows missing required columns"},{"ancestorTitles":["POST /api/product"],"duration":9,"failing":false,"failureDetails":[],"failureMessages":[],"fullName":"POST /api/product should handle errors when creating products and log them","invocations":1,"location":null,"numPassingAsserts":2,"retryReasons":[],"startAt":1762885074585,"status":"passed","title":"should handle errors when creating products and log them"},{"ancestorTitles":["GET /api/products/[id]"],"duration":3,"failing":false,"failureDetails":[],"failureMessages":[],"fullName":"GET /api/products/[id] should return the product when found","invocations":1,"location":null,"numPassingAsserts":2,"retryReasons":[],"startAt":1762885074596,"status":"passed","title":"should return the product when found"},{"ancestorTitles":["GET /api/products/[id]"],"duration":3,"failing":false,"failureDetails":[],"failureMessages":[],"fullName":"GET /api/products/[id] should return 404 if product is not found","invocations":1,"location":null,"numPassingAsserts":2,"retryReasons":[],"startAt":1762885074599,"status":"passed","title":"should return 404 if product is not found"},{"ancestorTitles":["GET /api/products/[id]"],"duration":8,"failing":false,"failureDetails":[],"failureMessages":[],"fullName":"GET /api/products/[id] should return 500 if id param is not a valid number","invocations":1,"location":null,"numPassingAsserts":2,"retryReasons":[],"startAt":1762885074602,"status":"passed","title":"should return 500 if id param is not a valid number"},{"ancestorTitles":["DELETE /api/products/[id]"],"duration":2,"failing":false,"failureDetails":[],"failureMessages":[],"fullName":"DELETE /api/products/[id] should delete the product when found","invocations":1,"location":null,"numPassingAsserts":2,"retryReasons":[],"startAt":1762885074611,"status":"passed","title":"should delete the product when found"},{"ancestorTitles":["DELETE /api/products/[id]"],"duration":4,"failing":false,"failureDetails":[],"failureMessages":[],"fullName":"DELETE /api/products/[id] should return 404 if product is not found","invocations":1,"location":null,"numPassingAsserts":2,"retryReasons":[],"startAt":1762885074613,"status":"passed","title":"should return 404 if product is not found"},{"ancestorTitles":["DELETE /api/products/[id]"],"duration":4,"failing":false,"failureDetails":[],"failureMessages":[],"fullName":"DELETE /api/products/[id] should return 400 if id param is not a valid number","invocations":1,"location":null,"numPassingAsserts":2,"retryReasons":[],"startAt":1762885074617,"status":"passed","title":"should return 400 if id param is not a valid number"},{"ancestorTitles":["GET /api/product"],"duration":4,"failing":false,"failureDetails":[],"failureMessages":[],"fullName":"GET /api/product should return all products successfully","invocations":1,"location":null,"numPassingAsserts":4,"retryReasons":[],"startAt":1762885074623,"status":"passed","title":"should return all products successfully"},{"ancestorTitles":["GET /api/product"],"duration":2,"failing":false,"failureDetails":[],"failureMessages":[],"fullName":"GET /api/product should return 500 when fetching products fails","invocations":1,"location":null,"numPassingAsserts":2,"retryReasons":[],"startAt":1762885074628,"status":"passed","title":"should return 500 when fetching products fails"}],"endTime":1762885074632,"message":"","name":"/workspace/tests/api/product/route.test.ts","startTime":1762885072767,"status":"passed","summary":""},{"assertionResults":[{"ancestorTitles":["POST /api/order"],"duration":35,"failing":false,"failureDetails":[],"failureMessages":[],"fullName":"POST /api/order should create an order with valid payload","invocations":1,"location":null,"numPassingAsserts":2,"retryReasons":[],"startAt":1762885074651,"status":"passed","title":"should create an order with valid payload"},{"ancestorTitles":["POST /api/order"],"duration":6,"failing":false,"failureDetails":[],"failureMessages":[],"fullName":"POST /api/order should return error for invalid consumptionMethod","invocations":1,"location":null,"numPassingAsserts":2,"retryReasons":[],"startAt":1762885074687,"status":"passed","title":"should return error for invalid consumptionMethod"},{"ancestorTitles":["POST /api/order"],"duration":4,"failing":false,"failureDetails":[],"failureMessages":[],"fullName":"POST /api/order should return error for missing products","invocations":1,"location":null,"numPassingAsserts":2,"retryReasons":[],"startAt":1762885074694,"status":"passed","title":"should return error for missing products"},{"ancestorTitles":["POST /api/order"],"duration":3,"failing":false,"failureDetails":[],"failureMessages":[],"fullName":"POST /api/order should return error for invalid quantity","invocations":1,"location":null,"numPassingAsserts":2,"retryReasons":[],"startAt":1762885074698,"status":"passed","title":"should return error for invalid quantity"},{"ancestorTitles":["POST /api/order"],"duration":6,"failing":false,"failureDetails":[],"failureMessages":[],"fullName":"POST /api/order should return 500 when order creation fails","invocations":1,"location":null,"numPassingAsserts":2,"retryReasons":[],"startAt":1762885074703,"status":"passed","title":"should return 500 when order creation fails"},{"ancestorTitles":["GET api/order/[id]"],"duration":3,"failing":false,"failureDetails":[],"failureMessages":[],"fullName":"GET api/order/[id] should return 200 and order for valid id","invocations":1,"location":null,"numPassingAsserts":2,"retryReasons":[],"startAt":1762885074709,"status":"passed","title":"should return 200 and order for valid id"},{"ancestorTitles":["GET api/order/[id]"],"duration":3,"failing":false,"failureDetails":[],"failureMessages":[],"fullName":"GET api/order/[id] should return 404 for non-existent order","invocations":1,"location":null,"numPassingAsserts":2,"retryReasons":[],"startAt":1762885074712,"status":"passed","title":"should return 404 for non-existent order"},{"ancestorTitles":["DELETE api/order/[id]"],"duration":5,"failing":false,"failureDetails":[],"failureMessages":[],"fullName":"DELETE api/order/[id] should return 204 for successful deletion","invocations":1,"location":null,"numPassingAsserts":1,"retryReasons":[],"startAt":1762885074718,"status":"passed","title":"should return 204 for successful deletion"},{"ancestorTitles":["DELETE api/order/[id]"],"duration":2,"failing":false,"failureDetails":[],"failureMessages":[],"fullName":"DELETE api/order/[id] should return 400 for invalid id","invocations":1,"location":null,"numPassingAsserts":1,"retryReasons":[],"startAt":1762885074723,"status":"passed","title":"should return 400 for invalid id"},{"ancestorTitles":["GET /api/order"],"duration":22,"failing":false,"failureDetails":[],"failureMessages":[],"fullName":"GET /api/order should return all orders successfully","invocations":1,"location":null,"numPassingAsserts":4,"retryReasons":[],"startAt":1762885074725,"status":"passed","title":"should return all orders successfully"},{"ancestorTitles":["GET /api/order"],"duration":4,"failing":false,"failureDetails":[],"failureMessages":[],"fullName":"GET /api/order should return 500 when retrieving orders fails","invocations":1,"location":null,"numPassingAsserts":2,"retryReasons":[],"startAt":1762885074747,"status":"passed","title":"should return 500 when retrieving orders fails"}],"endTime":1762885074760,"message":"","name":"/workspace/tests/api/order/route.test.ts","startTime":1762885072869,"status":"passed","summary":""},{"assertionResults":[{"ancestorTitles":["orders API client"],"duration":14,"failing":false,"failureDetails":[],"failureMessages":[],"fullName":"orders API client listOrders retorna lista","invocations":1,"location":null,"numPassingAsserts":2,"retryReasons":[],"startAt":1762885074773,"status":"passed","title":"listOrders retorna lista"},{"ancestorTitles":["orders API client"],"duration":27,"failing":false,"failureDetails":[],"failureMessages":[],"fullName":"orders API client listOrders lança erro quando não ok","invocations":1,"location":null,"numPassingAsserts":1,"retryReasons":[],"startAt":1762885074790,"status":"passed","title":"listOrders lança erro quando não ok"},{"ancestorTitles":["orders API client"],"duration":2,"failing":false,"failureDetails":[],"failureMessages":[],"fullName":"orders API client getOrderById retorna um pedido","invocations":1,"location":null,"numPassingAsserts":2,"retryReasons":[],"startAt":1762885074817,"status":"passed","title":"getOrderById retorna um pedido"},{"ancestorTitles":["orders API client"],"duration":1,"failing":false,"failureDetails":[],"failureMessages":[],"fullName":"orders API client deleteOrder resolve void quando sucesso","invocations":1,"location":null,"numPassingAsserts":2,"retryReasons":[],"startAt":1762885074820,"status":"passed","title":"deleteOrder resolve void quando sucesso"},{"ancestorTitles":["orders API client"],"duration":2,"failing":false,"failureDetails":[],"failureMessages":[],"fullName":"orders API client deleteOrder lança erro quando falha","invocations":1,"location":null,"numPassingAsserts":1,"retryReasons":[],"startAt":1762885074822,"status":"passed","title":"deleteOrder lança erro quando falha"},{"ancestorTitles":["orders API client"],"duration":2,"failing":false,"failureDetails":[],"failureMessages":[],"fullName":"orders API client createOrder envia payload e retorna pedido criado","invocations":1,"location":null,"numPassingAsserts":4,"retryReasons":[],"startAt":1762885074824,"status":"passed","title":"createOrder envia payload e retorna pedido criado"},{"ancestorTitles":["orders API client"],"duration":2,"failing":false,"failureDetails":[],"failureMessages":[],"fullName":"orders API client createOrder lança erro quando API retorna erro","invocations":1,"location":null,"numPassingAsserts":1,"retryReasons":[],"startAt":1762885074827,"status":"passed","title":"createOrder lança erro quando API retorna erro"},{"ancestorTitles":["orders API client"],"duration":1,"failing":false,"failureDetails":[],"failureMessages":[],"fullName":"orders API client listProducts retorna produtos","invocations":1,"location":null,"numPassingAsserts":2,"retryReasons":[],"startAt":1762885074829,"status":"passed","title":"listProducts retorna produtos"},{"ancestorTitles":["orders API client"],"duration":2,"failing":false,"failureDetails":[],"failureMessages":[],"fullName":"orders API client listProducts lança erro quando falha","invocations":1,"location":null,"numPassingAsserts":1,"retryReasons":[],"startAt":1762885074830,"status":"passed","title":"listProducts lança erro quando falha"}],"endTime":1762885074833,"message":"","name":"/workspace/tests/client/order/api.orders.test.ts","startTime":1762885074529,"status":"passed","summary":""},{"assertionResults":[{"ancestorTitles":["products API client"],"duration":7,"failing":false,"failureDetails":[],"failureMessages":[],"fullName":"products API client listProducts retorna lista","invocations":1,"location":null,"numPassingAsserts":2,"retryReasons":[],"startAt":1762885074967,"status":"passed","title":"listProducts retorna lista"},{"ancestorTitles":["products API client"],"duration":37,"failing":false,"failureDetails":[],"failureMessages":[],"fullName":"products API client listProducts lança erro quando não ok","invocations":1,"location":null,"numPassingAsserts":1,"retryReasons":[],"startAt":1762885074975,"status":"passed","title":"listProducts lança erro quando não ok"},{"ancestorTitles":["products API client"],"duration":1,"failing":false,"failureDetails":[],"failureMessages":[],"fullName":"products API client getProductById retorna produto","invocations":1,"location":null,"numPassingAsserts":2,"retryReasons":[],"startAt":1762885075013,"status":"passed","title":"getProductById retorna produto"},{"ancestorTitles":["products API client"],"duration":3,"failing":false,"failureDetails":[],"failureMessages":[],"fullName":"products API client getProductById lança erro quando não ok","invocations":1,"location":null,"numPassingAsserts":1,"retryReasons":[],"startAt":1762885075015,"status":"passed","title":"getProductById lança erro quando não ok"},{"ancestorTitles":["products API client"],"duration":4,"failing":false,"failureDetails":[],"failureMessages":[],"fullName":"products API client uploadProductsCsv envia arquivo e retorna inserted","invocations":1,"location":null,"numPassingAsserts":4,"retryReasons":[],"startAt":1762885075018,"status":"passed","title":"uploadProductsCsv envia arquivo e retorna inserted"},{"ancestorTitles":["products API client"],"duration":2,"failing":false,"failureDetails":[],"failureMessages":[],"fullName":"products API client uploadProductsCsv lança erro quando falha","invocations":1,"location":null,"numPassingAsserts":1,"retryReasons":[],"startAt":1762885075022,"status":"passed","title":"uploadProductsCsv lança erro quando falha"},{"ancestorTitles":["products API client"],"duration":3,"failing":false,"failureDetails":[],"failureMessages":[],"fullName":"products API client deleteProductById retorna null quando sucesso (204)","invocations":1,"location":null,"numPassingAsserts":2,"retryReasons":[],"startAt":1762885075024,"status":"passed","title":"deleteProductById retorna null quando sucesso (204)"},{"ancestorTitles":["products API client"],"duration":2,"failing":false,"failureDetails":[],"failureMessages":[],"fullName":"products API client deleteProductById lança erro quando não ok","invocations":1,"location":null,"numPassingAsserts":1,"retryReasons":[],"startAt":1762885075028,"status":"passed","title":"deleteProductById lança erro quando não ok"}],"endTime":1762885075032,"message":"","name":"/workspace/tests/client/product/api.products.test.ts","startTime":1762885074651,"status":"passed","summary":""},{"assertionResults":[{"ancestorTitles":["helpers"],"duration":40,"failing":false,"failureDetails":[],"failureMessages":[],"fullName":"helpers currency formata em BRL","invocations":1,"location":null,"numPassingAsserts":3,"retryReasons":[],"startAt":1762885075283,"status":"passed","title":"currency formata em BRL"},{"ancestorTitles":["helpers"],"duration":1,"failing":false,"failureDetails":[],"failureMessages":[],"fullName":"helpers getErrorMessage com Error","invocations":1,"location":null,"numPassingAsserts":1,"retryReasons":[],"startAt":1762885075324,"status":"passed","title":"getErrorMessage com Error"},{"ancestorTitles":["helpers"],"duration":1,"failing":false,"failureDetails":[],"failureMessages":[],"fullName":"helpers getErrorMessage com string","invocations":1,"location":null,"numPassingAsserts":1,"retryReasons":[],"startAt":1762885075326,"status":"passed","title":"getErrorMessage com string"},{"ancestorTitles":["helpers"],"duration":0,"failing":false,"failureDetails":[],"failureMessages":[],"fullName":"helpers getErrorMessage com objeto","invocations":1,"location":null,"numPassingAsserts":1,"retryReasons":[],"startAt":1762885075327,"status":"passed","title":"getErrorMessage com objeto"}],"endTime":1762885075329,"message":"","name":"/workspace/tests/client/order/helpers.test.ts","startTime":1762885075042,"status":"passed","summary":""},{"assertionResults":[{"ancestorTitles":["AuthenticatedResource to protect content if user is not logged in"],"duration":50,"failing":false,"failureDetails":[],"failureMessages":[],"fullName":"AuthenticatedResource to protect content if user is not logged in renders children when logged in","invocations":1,"location":null,"numPassingAsserts":2,"retryReasons":[],"startAt":1762885076744,"status":"passed","title":"renders children when logged in"},{"ancestorTitles":["AuthenticatedResource to protect content if user is not logged in"],"duration":5,"failing":false,"failureDetails":[],"failureMessages":[],"fullName":"AuthenticatedResource to protect content if user is not logged in redirects to /login when not logged in","invocations":1,"location":null,"numPassingAsserts":2,"retryReasons":[],"startAt":1762885076795,"status":"passed","title":"redirects to /login when not logged in"}],"endTime":1762885076802,"message":"","name":"/workspace/tests/components/AuthenticatedResource.test.tsx","startTime":1762885075976,"status":"passed","summary":""},{"assertionResults":[{"ancestorTitles":[],"duration":67,"failing":false,"failureDetails":[],"failureMessages":[],"fullName":"carrega pedidos e mostra a tabela com 2 linhas","invocations":1,"location":null,"numPassingAsserts":3,"retryReasons":[],"startAt":1762885076781,"status":"passed","title":"carrega pedidos e mostra a tabela com 2 linhas"}],"endTime":1762885076849,"message":"","name":"/workspace/tests/components/OrdersPageClient.test.tsx","startTime":1762885075953,"status":"passed","summary":""}],"wasInterrupted":false,"coverageMap":{"/workspace/src/app/api/sales-summary/route.ts":{"path":"/workspace/src/app/api/sales-summary/route.ts","statementMap":{"0":{"start":{"line":4,"column":0},"end":{"line":4,"column":7}},"1":{"start":{"line":1,"column":0},"end":{"line":1,"column":56}},"2":{"start":{"line":2,"column":0},"end":{"line":2,"column":34}},"3":{"start":{"line":5,"column":2},"end":{"line":71,"column":3}},"4":{"start":{"line":6,"column":29},"end":{"line":6,"column":49}},"5":{"start":{"line":8,"column":17},"end":{"line":8,"column":41}},"6":{"start":{"line":9,"column":15},"end":{"line":9,"column":37}},"7":{"start":{"line":10,"column":19},"end":{"line":10,"column":51}},"8":{"start":{"line":15,"column":4},"end":{"line":42,"column":5}},"9":{"start":{"line":16,"column":6},"end":{"line":16,"column":48}},"10":{"start":{"line":17,"column":6},"end":{"line":17,"column":44}},"11":{"start":{"line":19,"column":6},"end":{"line":21,"column":7}},"12":{"start":{"line":20,"column":8},"end":{"line":20,"column":101}},"13":{"start":{"line":22,"column":11},"end":{"line":42,"column":5}},"14":{"start":{"line":23,"column":6},"end":{"line":23,"column":29}},"15":{"start":{"line":24,"column":6},"end":{"line":41,"column":7}},"16":{"start":{"line":26,"column":10},"end":{"line":26,"column":41}},"17":{"start":{"line":27,"column":10},"end":{"line":27,"column":31}},"18":{"start":{"line":28,"column":10},"end":{"line":28,"column":16}},"19":{"start":{"line":30,"column":10},"end":{"line":30,"column":70}},"20":{"start":{"line":31,"column":10},"end":{"line":31,"column":41}},"21":{"start":{"line":32,"column":10},"end":{"line":32,"column":31}},"22":{"start":{"line":33,"column":10},"end":{"line":33,"column":16}},"23":{"start":{"line":35,"column":10},"end":{"line":35,"column":31}},"24":{"start":{"line":36,"column":10},"end":{"line":36,"column":41}},"25":{"start":{"line":37,"column":10},"end":{"line":37,"column":31}},"26":{"start":{"line":38,"column":10},"end":{"line":38,"column":16}},"27":{"start":{"line":40,"column":10},"end":{"line":40,"column":81}},"28":{"start":{"line":44,"column":23},"end":{"line":44,"column":90}},"29":{"start":{"line":46,"column":24},"end":{"line":48,"column":6}},"30":{"start":{"line":50,"column":26},"end":{"line":53,"column":6}},"31":{"start":{"line":55,"column":24},"end":{"line":58,"column":6}},"32":{"start":{"line":60,"column":4},"end":{"line":67,"column":7}},"33":{"start":{"line":69,"column":4},"end":{"line":69,"column":48}},"34":{"start":{"line":70,"column":4},"end":{"line":70,"column":82}}},"fnMap":{"0":{"name":"GET","decl":{"start":{"line":4,"column":22},"end":{"line":4,"column":25}},"loc":{"start":{"line":4,"column":46},"end":{"line":72,"column":1}}}},"branchMap":{"0":{"loc":{"start":{"line":10,"column":19},"end":{"line":10,"column":51}},"type":"binary-expr","locations":[{"start":{"line":10,"column":19},"end":{"line":10,"column":45}},{"start":{"line":10,"column":49},"end":{"line":10,"column":51}}]},"1":{"loc":{"start":{"line":15,"column":4},"end":{"line":42,"column":5}},"type":"if","locations":[{"start":{"line":15,"column":4},"end":{"line":42,"column":5}},{"start":{"line":22,"column":11},"end":{"line":42,"column":5}}]},"2":{"loc":{"start":{"line":15,"column":8},"end":{"line":15,"column":18}},"type":"binary-expr","locations":[{"start":{"line":15,"column":8},"end":{"line":15,"column":12}},{"start":{"line":15,"column":16},"end":{"line":15,"column":18}}]},"3":{"loc":{"start":{"line":19,"column":6},"end":{"line":21,"column":7}},"type":"if","locations":[{"start":{"line":19,"column":6},"end":{"line":21,"column":7}},{"start":{},"end":{}}]},"4":{"loc":{"start":{"line":19,"column":10},"end":{"line":19,"column":64}},"type":"binary-expr","locations":[{"start":{"line":19,"column":10},"end":{"line":19,"column":36}},{"start":{"line":19,"column":40},"end":{"line":19,"column":64}}]},"5":{"loc":{"start":{"line":22,"column":11},"end":{"line":42,"column":5}},"type":"if","locations":[{"start":{"line":22,"column":11},"end":{"line":42,"column":5}},{"start":{},"end":{}}]},"6":{"loc":{"start":{"line":24,"column":6},"end":{"line":41,"column":7}},"type":"switch","locations":[{"start":{"line":25,"column":8},"end":{"line":28,"column":16}},{"start":{"line":29,"column":8},"end":{"line":33,"column":16}},{"start":{"line":34,"column":8},"end":{"line":38,"column":16}},{"start":{"line":39,"column":8},"end":{"line":40,"column":81}}]},"7":{"loc":{"start":{"line":44,"column":23},"end":{"line":44,"column":90}},"type":"cond-expr","locations":[{"start":{"line":44,"column":46},"end":{"line":44,"column":78}},{"start":{"line":44,"column":81},"end":{"line":44,"column":90}}]},"8":{"loc":{"start":{"line":44,"column":23},"end":{"line":44,"column":43}},"type":"binary-expr","locations":[{"start":{"line":44,"column":23},"end":{"line":44,"column":32}},{"start":{"line":44,"column":36},"end":{"line":44,"column":43}}]},"9":{"loc":{"start":{"line":47,"column":13},"end":{"line":47,"column":56}},"type":"cond-expr","locations":[{"start":{"line":47,"column":26},"end":{"line":47,"column":51}},{"start":{"line":47,"column":54},"end":{"line":47,"column":56}}]},"10":{"loc":{"start":{"line":52,"column":13},"end":{"line":52,"column":67}},"type":"cond-expr","locations":[{"start":{"line":52,"column":26},"end":{"line":52,"column":62}},{"start":{"line":52,"column":65},"end":{"line":52,"column":67}}]},"11":{"loc":{"start":{"line":57,"column":13},"end":{"line":57,"column":56}},"type":"cond-expr","locations":[{"start":{"line":57,"column":26},"end":{"line":57,"column":51}},{"start":{"line":57,"column":54},"end":{"line":57,"column":56}}]},"12":{"loc":{"start":{"line":61,"column":14},"end":{"line":61,"column":68}},"type":"cond-expr","locations":[{"start":{"line":61,"column":27},"end":{"line":61,"column":45}},{"start":{"line":61,"column":48},"end":{"line":61,"column":68}}]},"13":{"loc":{"start":{"line":61,"column":14},"end":{"line":61,"column":24}},"type":"binary-expr","locations":[{"start":{"line":61,"column":14},"end":{"line":61,"column":18}},{"start":{"line":61,"column":22},"end":{"line":61,"column":24}}]},"14":{"loc":{"start":{"line":61,"column":48},"end":{"line":61,"column":68}},"type":"binary-expr","locations":[{"start":{"line":61,"column":48},"end":{"line":61,"column":54}},{"start":{"line":61,"column":58},"end":{"line":61,"column":68}}]},"15":{"loc":{"start":{"line":62,"column":17},"end":{"line":62,"column":49}},"type":"binary-expr","locations":[{"start":{"line":62,"column":17},"end":{"line":62,"column":41}},{"start":{"line":62,"column":45},"end":{"line":62,"column":49}}]},"16":{"loc":{"start":{"line":62,"column":17},"end":{"line":62,"column":41}},"type":"cond-expr","locations":[{"start":{"line":62,"column":26},"end":{"line":62,"column":28}},{"start":{"line":62,"column":17},"end":{"line":62,"column":41}}]},"17":{"loc":{"start":{"line":62,"column":17},"end":{"line":62,"column":28}},"type":"binary-expr","locations":[{"start":{"line":62,"column":17},"end":{"line":62,"column":28}},{"start":{"line":62,"column":17},"end":{"line":62,"column":28}}]},"18":{"loc":{"start":{"line":63,"column":15},"end":{"line":63,"column":45}},"type":"binary-expr","locations":[{"start":{"line":63,"column":15},"end":{"line":63,"column":37}},{"start":{"line":63,"column":41},"end":{"line":63,"column":45}}]},"19":{"loc":{"start":{"line":63,"column":15},"end":{"line":63,"column":37}},"type":"cond-expr","locations":[{"start":{"line":63,"column":22},"end":{"line":63,"column":24}},{"start":{"line":63,"column":15},"end":{"line":63,"column":37}}]},"20":{"loc":{"start":{"line":63,"column":15},"end":{"line":63,"column":24}},"type":"binary-expr","locations":[{"start":{"line":63,"column":15},"end":{"line":63,"column":24}},{"start":{"line":63,"column":15},"end":{"line":63,"column":24}}]},"21":{"loc":{"start":{"line":65,"column":21},"end":{"line":65,"column":54}},"type":"cond-expr","locations":[{"start":{"line":65,"column":49},"end":{"line":65,"column":53}},{"start":{"line":65,"column":53},"end":{"line":65,"column":54}}]},"22":{"loc":{"start":{"line":65,"column":21},"end":{"line":65,"column":53}},"type":"binary-expr","locations":[{"start":{"line":65,"column":21},"end":{"line":65,"column":53}},{"start":{"line":65,"column":49},"end":{"line":65,"column":53}}]},"23":{"loc":{"start":{"line":65,"column":21},"end":{"line":65,"column":49}},"type":"cond-expr","locations":[{"start":{"line":65,"column":39},"end":{"line":65,"column":41}},{"start":{"line":65,"column":39},"end":{"line":65,"column":49}}]},"24":{"loc":{"start":{"line":65,"column":21},"end":{"line":65,"column":41}},"type":"binary-expr","locations":[{"start":{"line":65,"column":21},"end":{"line":65,"column":41}},{"start":{"line":65,"column":39},"end":{"line":65,"column":41}}]},"25":{"loc":{"start":{"line":66,"column":19},"end":{"line":66,"column":47}},"type":"cond-expr","locations":[{"start":{"line":66,"column":42},"end":{"line":66,"column":46}},{"start":{"line":66,"column":46},"end":{"line":66,"column":47}}]},"26":{"loc":{"start":{"line":66,"column":19},"end":{"line":66,"column":46}},"type":"binary-expr","locations":[{"start":{"line":66,"column":19},"end":{"line":66,"column":46}},{"start":{"line":66,"column":42},"end":{"line":66,"column":46}}]},"27":{"loc":{"start":{"line":66,"column":19},"end":{"line":66,"column":42}},"type":"cond-expr","locations":[{"start":{"line":66,"column":35},"end":{"line":66,"column":37}},{"start":{"line":66,"column":35},"end":{"line":66,"column":42}}]},"28":{"loc":{"start":{"line":66,"column":19},"end":{"line":66,"column":37}},"type":"binary-expr","locations":[{"start":{"line":66,"column":19},"end":{"line":66,"column":37}},{"start":{"line":66,"column":35},"end":{"line":66,"column":37}}]}},"s":{"0":1,"1":1,"2":1,"3":8,"4":8,"5":8,"6":8,"7":8,"8":8,"9":2,"10":2,"11":2,"12":1,"13":6,"14":4,"15":4,"16":1,"17":1,"18":1,"19":1,"20":1,"21":1,"22":1,"23":1,"24":1,"25":1,"26":1,"27":1,"28":6,"29":6,"30":5,"31":5,"32":5,"33":1,"34":1},"f":{"0":8},"b":{"0":[8,4],"1":[2,6],"2":[8,2],"3":[1,1],"4":[2,1],"5":[4,2],"6":[1,1,1,1],"7":[4,2],"8":[6,4],"9":[4,2],"10":[4,1],"11":[4,1],"12":[1,4],"13":[5,1],"14":[4,1],"15":[5,1],"16":[1,4],"17":[5,5],"18":[5,1],"19":[1,4],"20":[5,5],"21":[5,0],"22":[5,5],"23":[0,5],"24":[5,5],"25":[5,0],"26":[5,5],"27":[0,5],"28":[5,5]}},"/workspace/src/app/api/product/[id]/route.ts":{"path":"/workspace/src/app/api/product/[id]/route.ts","statementMap":{"0":{"start":{"line":5,"column":0},"end":{"line":5,"column":7}},"1":{"start":{"line":32,"column":0},"end":{"line":32,"column":7}},"2":{"start":{"line":1,"column":0},"end":{"line":1,"column":43}},"3":{"start":{"line":2,"column":0},"end":{"line":2,"column":34}},"4":{"start":{"line":6,"column":17},"end":{"line":6,"column":37}},"5":{"start":{"line":8,"column":2},"end":{"line":29,"column":3}},"6":{"start":{"line":9,"column":4},"end":{"line":11,"column":5}},"7":{"start":{"line":10,"column":6},"end":{"line":10,"column":36}},"8":{"start":{"line":13,"column":20},"end":{"line":15,"column":6}},"9":{"start":{"line":17,"column":4},"end":{"line":19,"column":5}},"10":{"start":{"line":18,"column":6},"end":{"line":18,"column":80}},"11":{"start":{"line":21,"column":4},"end":{"line":21,"column":38}},"12":{"start":{"line":23,"column":4},"end":{"line":28,"column":6}},"13":{"start":{"line":33,"column":17},"end":{"line":33,"column":37}},"14":{"start":{"line":35,"column":2},"end":{"line":37,"column":3}},"15":{"start":{"line":36,"column":4},"end":{"line":36,"column":79}},"16":{"start":{"line":39,"column":2},"end":{"line":62,"column":3}},"17":{"start":{"line":41,"column":28},"end":{"line":43,"column":6}},"18":{"start":{"line":45,"column":4},"end":{"line":47,"column":5}},"19":{"start":{"line":46,"column":6},"end":{"line":46,"column":80}},"20":{"start":{"line":49,"column":4},"end":{"line":52,"column":7}},"21":{"start":{"line":50,"column":6},"end":{"line":50,"column":77}},"22":{"start":{"line":51,"column":6},"end":{"line":51,"column":61}},"23":{"start":{"line":54,"column":4},"end":{"line":54,"column":51}},"24":{"start":{"line":56,"column":4},"end":{"line":61,"column":6}}},"fnMap":{"0":{"name":"GET","decl":{"start":{"line":5,"column":22},"end":{"line":5,"column":25}},"loc":{"start":{"line":5,"column":89},"end":{"line":30,"column":1}}},"1":{"name":"DELETE","decl":{"start":{"line":32,"column":22},"end":{"line":32,"column":28}},"loc":{"start":{"line":32,"column":92},"end":{"line":63,"column":1}}},"2":{"name":"(anonymous_2)","decl":{"start":{"line":49,"column":30},"end":{"line":49,"column":35}},"loc":{"start":{"line":49,"column":69},"end":{"line":52,"column":5}}}},"branchMap":{"0":{"loc":{"start":{"line":9,"column":4},"end":{"line":11,"column":5}},"type":"if","locations":[{"start":{"line":9,"column":4},"end":{"line":11,"column":5}},{"start":{},"end":{}}]},"1":{"loc":{"start":{"line":17,"column":4},"end":{"line":19,"column":5}},"type":"if","locations":[{"start":{"line":17,"column":4},"end":{"line":19,"column":5}},{"start":{},"end":{}}]},"2":{"loc":{"start":{"line":25,"column":16},"end":{"line":25,"column":68}},"type":"binary-expr","locations":[{"start":{"line":25,"column":16},"end":{"line":25,"column":39}},{"start":{"line":25,"column":43},"end":{"line":25,"column":68}}]},"3":{"loc":{"start":{"line":35,"column":2},"end":{"line":37,"column":3}},"type":"if","locations":[{"start":{"line":35,"column":2},"end":{"line":37,"column":3}},{"start":{},"end":{}}]},"4":{"loc":{"start":{"line":45,"column":4},"end":{"line":47,"column":5}},"type":"if","locations":[{"start":{"line":45,"column":4},"end":{"line":47,"column":5}},{"start":{},"end":{}}]}},"s":{"0":1,"1":1,"2":1,"3":1,"4":3,"5":3,"6":3,"7":1,"8":2,"9":2,"10":1,"11":1,"12":1,"13":3,"14":3,"15":1,"16":2,"17":2,"18":2,"19":1,"20":1,"21":1,"22":1,"23":1,"24":0},"f":{"0":3,"1":3,"2":1},"b":{"0":[1,2],"1":[1,1],"2":[1,0],"3":[1,2],"4":[1,1]}},"/workspace/src/app/api/product/route.ts":{"path":"/workspace/src/app/api/product/route.ts","statementMap":{"0":{"start":{"line":5,"column":0},"end":{"line":5,"column":7}},"1":{"start":{"line":52,"column":0},"end":{"line":52,"column":7}},"2":{"start":{"line":1,"column":0},"end":{"line":1,"column":56}},"3":{"start":{"line":2,"column":0},"end":{"line":2,"column":34}},"4":{"start":{"line":3,"column":0},"end":{"line":3,"column":39}},"5":{"start":{"line":6,"column":22},"end":{"line":6,"column":59}},"6":{"start":{"line":7,"column":2},"end":{"line":9,"column":3}},"7":{"start":{"line":8,"column":4},"end":{"line":8,"column":101}},"8":{"start":{"line":11,"column":19},"end":{"line":11,"column":39}},"9":{"start":{"line":12,"column":15},"end":{"line":12,"column":35}},"10":{"start":{"line":13,"column":2},"end":{"line":15,"column":3}},"11":{"start":{"line":14,"column":4},"end":{"line":14,"column":100}},"12":{"start":{"line":17,"column":22},"end":{"line":17,"column":46}},"13":{"start":{"line":18,"column":18},"end":{"line":18,"column":60}},"14":{"start":{"line":21,"column":2},"end":{"line":29,"column":3}},"15":{"start":{"line":22,"column":4},"end":{"line":26,"column":7}},"16":{"start":{"line":28,"column":4},"end":{"line":28,"column":79}},"17":{"start":{"line":31,"column":18},"end":{"line":31,"column":20}},"18":{"start":{"line":32,"column":2},"end":{"line":47,"column":3}},"19":{"start":{"line":33,"column":35},"end":{"line":33,"column":38}},"20":{"start":{"line":34,"column":4},"end":{"line":34,"column":44}},"21":{"start":{"line":34,"column":35},"end":{"line":34,"column":44}},"22":{"start":{"line":35,"column":4},"end":{"line":46,"column":5}},"23":{"start":{"line":36,"column":22},"end":{"line":42,"column":8}},"24":{"start":{"line":43,"column":6},"end":{"line":43,"column":28}},"25":{"start":{"line":45,"column":6},"end":{"line":45,"column":53}},"26":{"start":{"line":49,"column":2},"end":{"line":49,"column":57}},"27":{"start":{"line":53,"column":2},"end":{"line":58,"column":3}},"28":{"start":{"line":54,"column":21},"end":{"line":54,"column":52}},"29":{"start":{"line":55,"column":4},"end":{"line":55,"column":39}},"30":{"start":{"line":57,"column":4},"end":{"line":57,"column":85}}},"fnMap":{"0":{"name":"POST","decl":{"start":{"line":5,"column":22},"end":{"line":5,"column":26}},"loc":{"start":{"line":5,"column":43},"end":{"line":50,"column":1}}},"1":{"name":"GET","decl":{"start":{"line":52,"column":22},"end":{"line":52,"column":25}},"loc":{"start":{"line":52,"column":25},"end":{"line":59,"column":1}}}},"branchMap":{"0":{"loc":{"start":{"line":6,"column":22},"end":{"line":6,"column":59}},"type":"binary-expr","locations":[{"start":{"line":6,"column":22},"end":{"line":6,"column":53}},{"start":{"line":6,"column":57},"end":{"line":6,"column":59}}]},"1":{"loc":{"start":{"line":7,"column":2},"end":{"line":9,"column":3}},"type":"if","locations":[{"start":{"line":7,"column":2},"end":{"line":9,"column":3}},{"start":{},"end":{}}]},"2":{"loc":{"start":{"line":13,"column":2},"end":{"line":15,"column":3}},"type":"if","locations":[{"start":{"line":13,"column":2},"end":{"line":15,"column":3}},{"start":{},"end":{}}]},"3":{"loc":{"start":{"line":13,"column":6},"end":{"line":13,"column":39}},"type":"binary-expr","locations":[{"start":{"line":13,"column":6},"end":{"line":13,"column":11}},{"start":{"line":13,"column":15},"end":{"line":13,"column":39}}]},"4":{"loc":{"start":{"line":34,"column":4},"end":{"line":34,"column":44}},"type":"if","locations":[{"start":{"line":34,"column":4},"end":{"line":34,"column":44}},{"start":{},"end":{}}]},"5":{"loc":{"start":{"line":34,"column":8},"end":{"line":34,"column":33}},"type":"binary-expr","locations":[{"start":{"line":34,"column":8},"end":{"line":34,"column":13}},{"start":{"line":34,"column":17},"end":{"line":34,"column":23}},{"start":{"line":34,"column":27},"end":{"line":34,"column":33}}]}},"s":{"0":1,"1":1,"2":1,"3":1,"4":1,"5":6,"6":6,"7":1,"8":5,"9":5,"10":5,"11":1,"12":4,"13":4,"14":4,"15":4,"16":1,"17":3,"18":3,"19":6,"20":6,"21":1,"22":5,"23":5,"24":4,"25":1,"26":3,"27":2,"28":2,"29":1,"30":1},"f":{"0":6,"1":2},"b":{"0":[6,0],"1":[1,5],"2":[1,4],"3":[5,4],"4":[1,5],"5":[6,6,6]}},"/workspace/src/app/api/order/route.ts":{"path":"/workspace/src/app/api/order/route.ts","statementMap":{"0":{"start":{"line":5,"column":0},"end":{"line":5,"column":7}},"1":{"start":{"line":65,"column":0},"end":{"line":65,"column":7}},"2":{"start":{"line":1,"column":0},"end":{"line":1,"column":56}},"3":{"start":{"line":2,"column":0},"end":{"line":2,"column":34}},"4":{"start":{"line":3,"column":0},"end":{"line":3,"column":24}},"5":{"start":{"line":6,"column":2},"end":{"line":62,"column":3}},"6":{"start":{"line":7,"column":24},"end":{"line":19,"column":6}},"7":{"start":{"line":21,"column":17},"end":{"line":21,"column":33}},"8":{"start":{"line":22,"column":19},"end":{"line":22,"column":46}},"9":{"start":{"line":24,"column":4},"end":{"line":29,"column":5}},"10":{"start":{"line":25,"column":20},"end":{"line":25,"column":42}},"11":{"start":{"line":26,"column":20},"end":{"line":26,"column":54}},"12":{"start":{"line":27,"column":22},"end":{"line":27,"column":57}},"13":{"start":{"line":28,"column":6},"end":{"line":28,"column":83}},"14":{"start":{"line":31,"column":44},"end":{"line":31,"column":55}},"15":{"start":{"line":32,"column":16},"end":{"line":32,"column":17}},"16":{"start":{"line":33,"column":30},"end":{"line":33,"column":32}},"17":{"start":{"line":35,"column":4},"end":{"line":46,"column":5}},"18":{"start":{"line":36,"column":22},"end":{"line":36,"column":88}},"19":{"start":{"line":37,"column":6},"end":{"line":37,"column":29}},"20":{"start":{"line":37,"column":20},"end":{"line":37,"column":29}},"21":{"start":{"line":38,"column":23},"end":{"line":38,"column":52}},"22":{"start":{"line":39,"column":6},"end":{"line":39,"column":24}},"23":{"start":{"line":40,"column":6},"end":{"line":45,"column":9}},"24":{"start":{"line":48,"column":18},"end":{"line":57,"column":6}},"25":{"start":{"line":59,"column":4},"end":{"line":59,"column":36}},"26":{"start":{"line":61,"column":4},"end":{"line":61,"column":83}},"27":{"start":{"line":66,"column":2},"end":{"line":73,"column":3}},"28":{"start":{"line":67,"column":19},"end":{"line":69,"column":6}},"29":{"start":{"line":70,"column":4},"end":{"line":70,"column":37}},"30":{"start":{"line":72,"column":4},"end":{"line":72,"column":86}}},"fnMap":{"0":{"name":"POST","decl":{"start":{"line":5,"column":22},"end":{"line":5,"column":26}},"loc":{"start":{"line":5,"column":43},"end":{"line":63,"column":1}}},"1":{"name":"GET","decl":{"start":{"line":65,"column":22},"end":{"line":65,"column":25}},"loc":{"start":{"line":65,"column":25},"end":{"line":74,"column":1}}}},"branchMap":{"0":{"loc":{"start":{"line":24,"column":4},"end":{"line":29,"column":5}},"type":"if","locations":[{"start":{"line":24,"column":4},"end":{"line":29,"column":5}},{"start":{},"end":{}}]},"1":{"loc":{"start":{"line":26,"column":20},"end":{"line":26,"column":54}},"type":"binary-expr","locations":[{"start":{"line":26,"column":20},"end":{"line":26,"column":41}},{"start":{"line":26,"column":45},"end":{"line":26,"column":54}}]},"2":{"loc":{"start":{"line":26,"column":20},"end":{"line":26,"column":41}},"type":"cond-expr","locations":[{"start":{"line":26,"column":25},"end":{"line":26,"column":27}},{"start":{"line":26,"column":20},"end":{"line":26,"column":41}}]},"3":{"loc":{"start":{"line":26,"column":20},"end":{"line":26,"column":27}},"type":"binary-expr","locations":[{"start":{"line":26,"column":20},"end":{"line":26,"column":27}},{"start":{"line":26,"column":20},"end":{"line":26,"column":27}}]},"4":{"loc":{"start":{"line":27,"column":22},"end":{"line":27,"column":57}},"type":"binary-expr","locations":[{"start":{"line":27,"column":22},"end":{"line":27,"column":36}},{"start":{"line":27,"column":40},"end":{"line":27,"column":57}}]},"5":{"loc":{"start":{"line":27,"column":22},"end":{"line":27,"column":36}},"type":"cond-expr","locations":[{"start":{"line":27,"column":27},"end":{"line":27,"column":29}},{"start":{"line":27,"column":22},"end":{"line":27,"column":36}}]},"6":{"loc":{"start":{"line":27,"column":22},"end":{"line":27,"column":29}},"type":"binary-expr","locations":[{"start":{"line":27,"column":22},"end":{"line":27,"column":29}},{"start":{"line":27,"column":22},"end":{"line":27,"column":29}}]},"7":{"loc":{"start":{"line":37,"column":6},"end":{"line":37,"column":29}},"type":"if","locations":[{"start":{"line":37,"column":6},"end":{"line":37,"column":29}},{"start":{},"end":{}}]}},"s":{"0":1,"1":1,"2":1,"3":1,"4":1,"5":5,"6":5,"7":5,"8":5,"9":5,"10":3,"11":3,"12":3,"13":3,"14":2,"15":2,"16":2,"17":2,"18":2,"19":2,"20":0,"21":2,"22":2,"23":2,"24":2,"25":1,"26":1,"27":2,"28":2,"29":1,"30":1},"f":{"0":5,"1":2},"b":{"0":[3,2],"1":[3,0],"2":[0,3],"3":[3,3],"4":[3,0],"5":[0,3],"6":[3,3],"7":[0,2]}},"/workspace/src/app/api/order/[id]/route.ts":{"path":"/workspace/src/app/api/order/[id]/route.ts","statementMap":{"0":{"start":{"line":5,"column":0},"end":{"line":5,"column":7}},"1":{"start":{"line":26,"column":0},"end":{"line":26,"column":7}},"2":{"start":{"line":1,"column":0},"end":{"line":1,"column":56}},"3":{"start":{"line":3,"column":0},"end":{"line":3,"column":34}},"4":{"start":{"line":6,"column":17},"end":{"line":6,"column":37}},"5":{"start":{"line":8,"column":2},"end":{"line":10,"column":3}},"6":{"start":{"line":9,"column":4},"end":{"line":9,"column":83}},"7":{"start":{"line":12,"column":16},"end":{"line":17,"column":4}},"8":{"start":{"line":19,"column":2},"end":{"line":21,"column":3}},"9":{"start":{"line":20,"column":4},"end":{"line":20,"column":76}},"10":{"start":{"line":23,"column":2},"end":{"line":23,"column":34}},"11":{"start":{"line":27,"column":17},"end":{"line":27,"column":37}},"12":{"start":{"line":29,"column":2},"end":{"line":31,"column":3}},"13":{"start":{"line":30,"column":4},"end":{"line":30,"column":77}},"14":{"start":{"line":33,"column":2},"end":{"line":42,"column":3}},"15":{"start":{"line":34,"column":4},"end":{"line":37,"column":7}},"16":{"start":{"line":35,"column":6},"end":{"line":35,"column":75}},"17":{"start":{"line":36,"column":6},"end":{"line":36,"column":59}},"18":{"start":{"line":39,"column":4},"end":{"line":39,"column":51}},"19":{"start":{"line":41,"column":4},"end":{"line":41,"column":93}}},"fnMap":{"0":{"name":"GET","decl":{"start":{"line":5,"column":22},"end":{"line":5,"column":25}},"loc":{"start":{"line":5,"column":89},"end":{"line":24,"column":1}}},"1":{"name":"DELETE","decl":{"start":{"line":26,"column":22},"end":{"line":26,"column":28}},"loc":{"start":{"line":26,"column":92},"end":{"line":43,"column":1}}},"2":{"name":"(anonymous_2)","decl":{"start":{"line":34,"column":30},"end":{"line":34,"column":35}},"loc":{"start":{"line":34,"column":69},"end":{"line":37,"column":5}}}},"branchMap":{"0":{"loc":{"start":{"line":8,"column":2},"end":{"line":10,"column":3}},"type":"if","locations":[{"start":{"line":8,"column":2},"end":{"line":10,"column":3}},{"start":{},"end":{}}]},"1":{"loc":{"start":{"line":19,"column":2},"end":{"line":21,"column":3}},"type":"if","locations":[{"start":{"line":19,"column":2},"end":{"line":21,"column":3}},{"start":{},"end":{}}]},"2":{"loc":{"start":{"line":29,"column":2},"end":{"line":31,"column":3}},"type":"if","locations":[{"start":{"line":29,"column":2},"end":{"line":31,"column":3}},{"start":{},"end":{}}]}},"s":{"0":1,"1":1,"2":1,"3":1,"4":2,"5":2,"6":0,"7":2,"8":2,"9":1,"10":1,"11":2,"12":2,"13":1,"14":1,"15":1,"16":1,"17":1,"18":1,"19":0},"f":{"0":2,"1":2,"2":1},"b":{"0":[0,2],"1":[1,1],"2":[1,1]}}}}
